Arguments: 
  C:\Program Files\nodejs\node.exe C:\Users\PK\AppData\Roaming\npm\node_modules\yarn\bin\yarn.js add saaa

PATH: 
  C:\Program Files (x86)\iis express\PHP\v7.4;C:\Program Files (x86)\iis express\PHP\v7.1;C:\Program Files (x86)\Common Files\Oracle\Java\javapath;C:\Program Files\Python38\Scripts\;C:\Program Files\Python38\;C:\Program Files\Microsoft MPI\Bin\;C:\Python34\Lib\site-packages\PyQt5;C:\Program Files (x86)\Common Files\Intel\Shared Libraries\redist\intel64\compiler;C:\Program Files (x86)\Common Files\Intel\Shared Files\cpp\bin\Intel64;C:\ProgramData\Oracle\Java\javapath;C:\Program Files (x86)\Intel\iCLS Client\;C:\Program Files\Intel\iCLS Client\;C:\Windows\system32;C:\Windows;C:\Windows\System32\Wbem;C:\Windows\System32\WindowsPowerShell\v1.0\;C:\Program Files (x86)\Intel\Intel(R) Management Engine Components\DAL;C:\Program Files\Intel\Intel(R) Management Engine Components\DAL;C:\Program Files (x86)\Intel\Intel(R) Management Engine Components\IPT;C:\Program Files\Intel\Intel(R) Management Engine Components\IPT;C:\xampp\php;C:\Program Files (x86)\Microsoft SQL Server\100\Tools\Binn\;C:\Program Files\Microsoft SQL S;C:\Program Files\dotnet\;C:\ProgramData\chocolatey\bin;C:\Program Files\nodejs\;C:\Program Files\OpenJDK\openjdk-8u282-b08\bin;C:\Program Files\Go\bin;C:\Ruby26-x64\msys64;C:\Ruby31-x64\msys64;C:\Program Files\Git\cmd;C:\Ruby31-x64\bin;C:\Users\PK\AppData\Local\Programs\Python\Python39\Scripts\;C:\Users\PK\AppData\Local\Programs\Python\Python39\;C:\Program Files\MySQL\MySQL Shell 8.0\bin\;C:\Ruby26-x64\bin;C:\Users\PK\AppData\Local\Microsoft\WindowsApps;C:\Users\PK\AppData\Roaming\Composer\vendor\bin;C:\Users\PK\AppData\Local\GitHubDesktop\bin;C:\Program Files\JetBrains\PhpStorm 2018.3.1\bin;C:\Users\PK\AppData\Local\atom\bin;C:\Users\PK\AppData\Local\Programs\Microsoft VS Code\bin;C:\Users\PK\.dotnet\tools;C:\Program Files\heroku\bin;C:\Program Files\JetBrains\PyCharm Community Edition 2020.2.2\bin;C:\Users\PK\.dotnet\tools;C:\Users\PK\AppData\Roaming\npm;E:\src\flutter\bin;C:\Users\PK\go\bin

Yarn version: 
  1.22.4

Node version: 
  15.12.0

Platform: 
  win32 x64

Trace: 
  Error: https://registry.yarnpkg.com/saaa: Not found
      at Request.params.callback [as _callback] (C:\Users\PK\AppData\Roaming\npm\node_modules\yarn\lib\cli.js:66987:18)
      at Request.self.callback (C:\Users\PK\AppData\Roaming\npm\node_modules\yarn\lib\cli.js:140748:22)
      at Request.emit (node:events:369:20)
      at Request.<anonymous> (C:\Users\PK\AppData\Roaming\npm\node_modules\yarn\lib\cli.js:141720:10)
      at Request.emit (node:events:369:20)
      at IncomingMessage.<anonymous> (C:\Users\PK\AppData\Roaming\npm\node_modules\yarn\lib\cli.js:141642:12)
      at Object.onceWrapper (node:events:475:28)
      at IncomingMessage.emit (node:events:381:22)
      at endReadableNT (node:internal/streams/readable:1307:12)
      at processTicksAndRejections (node:internal/process/task_queues:81:21)

npm manifest: 
  {
    "name": "paul-crwn",
    "version": "0.1.0",
    "private": true,
    "dependencies": {
      "@testing-library/jest-dom": "^5.16.5",
      "@testing-library/react": "^13.4.0",
      "@testing-library/user-event": "^13.5.0",
      "react": "^18.2.0",
      "react-dom": "^18.2.0",
      "react-scripts": "5.0.1",
      "web-vitals": "^2.1.4"
    },
    "scripts": {
      "start": "react-scripts start",
      "build": "react-scripts build",
      "test": "react-scripts test",
      "eject": "react-scripts eject"
    },
    "eslintConfig": {
      "extends": [
        "react-app",
        "react-app/jest"
      ]
    },
    "browserslist": {
      "production": [
        ">0.2%",
        "not dead",
        "not op_mini all"
      ],
      "development": [
        "last 1 chrome version",
        "last 1 firefox version",
        "last 1 safari version"
      ]
    }
  }

yarn manifest: 
  No manifest

Lockfile: 
  No lockfile
